<?xml version="1.0" encoding="UTF-8"?>
<testsuite xmlns:xsi="http://www.w3.org/2001/XMLSchema-instance" xsi:noNamespaceSchemaLocation="https://maven.apache.org/surefire/maven-surefire-plugin/xsd/surefire-test-report.xsd" version="3.0.2" name="com.talentpipe.integration.AuthFlowIntegrationTest" time="0.01" tests="6" errors="0" skipped="6" failures="0">
  <properties/>
  <testcase name="login_wrongPassword_returns401Envelope" classname="com.talentpipe.integration.AuthFlowIntegrationTest" time="0.0">
    <skipped message="disabledWithoutDocker is true and Docker is not available"/>
    <system-out><![CDATA[21:28:49.860 [main] INFO org.testcontainers.DockerClientFactory -- Testcontainers version: 1.20.6
21:28:50.221 [main] WARN org.testcontainers.dockerclient.DockerClientProviderStrategy -- DOCKER_HOST tcp://localhost:2375 is not listening
java.net.ConnectException: Connection refused: connect
	at java.base/sun.nio.ch.Net.connect0(Native Method)
	at java.base/sun.nio.ch.Net.connect(Net.java:591)
	at java.base/sun.nio.ch.Net.connect(Net.java:580)
	at java.base/sun.nio.ch.NioSocketImpl.connect(NioSocketImpl.java:593)
	at java.base/java.net.SocksSocketImpl.connect(SocksSocketImpl.java:327)
	at java.base/java.net.Socket.connect(Socket.java:633)
	at java.base/java.net.Socket.connect(Socket.java:583)
	at org.testcontainers.dockerclient.DockerClientProviderStrategy.lambda$test$3(DockerClientProviderStrategy.java:214)
	at org.testcontainers.shaded.org.awaitility.core.AssertionCondition.lambda$new$0(AssertionCondition.java:53)
	at org.testcontainers.shaded.org.awaitility.core.ConditionAwaiter$ConditionPoller.call(ConditionAwaiter.java:248)
	at org.testcontainers.shaded.org.awaitility.core.ConditionAwaiter$ConditionPoller.call(ConditionAwaiter.java:235)
	at java.base/java.util.concurrent.FutureTask.run(FutureTask.java:264)
	at java.base/java.util.concurrent.ThreadPoolExecutor.runWorker(ThreadPoolExecutor.java:1136)
	at java.base/java.util.concurrent.ThreadPoolExecutor$Worker.run(ThreadPoolExecutor.java:635)
	at java.base/java.lang.Thread.run(Thread.java:840)
21:28:50.517 [main] INFO org.testcontainers.dockerclient.DockerMachineClientProviderStrategy -- docker-machine executable was not found on PATH ([C:/Users/anuja/.gemini/antigravity/bin, C:\Users\anuja\AppData\Roaming\Antigravity\bin, C:\Program Files\Eclipse Adoptium\jdk-17.0.19.10-hotspot\bin, C:\Windows\system32, C:\Windows, C:\Windows\System32\Wbem, C:\Windows\System32\WindowsPowerShell\v1.0\, C:\Windows\System32\OpenSSH\, C:\Program Files (x86)\NVIDIA Corporation\PhysX\Common, C:\WINDOWS\system32, C:\WINDOWS, C:\WINDOWS\System32\Wbem, C:\WINDOWS\System32\WindowsPowerShell\v1.0\, C:\WINDOWS\System32\OpenSSH\, C:\Program Files\Git\cmd, C:\Program Files\nodejs\, C:\Program Files\Docker\Docker\resources\bin, C:\Users\anuja\AppData\Local\Programs\Python\Python312\Scripts\, C:\Users\anuja\AppData\Local\Programs\Python\Python312\, C:\Users\anuja\AppData\Local\Programs\Python\Launcher\, C:\Users\anuja\.local\bin, C:\Users\anuja\AppData\Local\Microsoft\WindowsApps, C:\Users\anuja\AppData\Local\Programs\Microsoft VS Code\bin, C:\Users\anuja\AppData\Local\Programs\Antigravity\bin, C:\Users\anuja\AppData\Local\GitHubDesktop\bin, C:\Users\anuja\AppData\Roaming\npm, C:\Users\anuja\AppData\Local\Programs\Antigravity IDE\bin])
21:28:50.518 [main] ERROR org.testcontainers.dockerclient.DockerClientProviderStrategy -- Could not find a valid Docker environment. Please check configuration. Attempted configurations were:
	NpipeSocketClientProviderStrategy: failed with exception BadRequestException (Status 400: {"ID":"","Containers":0,"ContainersRunning":0,"ContainersPaused":0,"ContainersStopped":0,"Images":0,"Driver":"","DriverStatus":null,"Plugins":{"Volume":null,"Network":null,"Authorization":null,"Log":null},"MemoryLimit":false,"SwapLimit":false,"CpuCfsPeriod":false,"CpuCfsQuota":false,"CPUShares":false,"CPUSet":false,"PidsLimit":false,"IPv4Forwarding":false,"Debug":false,"NFd":0,"OomKillDisable":false,"NGoroutines":0,"SystemTime":"","LoggingDriver":"","CgroupDriver":"","NEventsListener":0,"KernelVersion":"","OperatingSystem":"","OSVersion":"","OSType":"","Architecture":"","IndexServerAddress":"","RegistryConfig":null,"NCPU":0,"MemTotal":0,"GenericResources":null,"DockerRootDir":"","HttpProxy":"","HttpsProxy":"","NoProxy":"","Name":"","Labels":["com.docker.desktop.address=npipe://\\\\.\\pipe\\docker_cli"],"ExperimentalBuild":false,"ServerVersion":"","Runtimes":null,"DefaultRuntime":"","Swarm":{"NodeID":"","NodeAddr":"","LocalNodeState":"","ControlAvailable":false,"Error":"","RemoteManagers":null},"LiveRestoreEnabled":false,"Isolation":"","InitBinary":"","ContainerdCommit":{"ID":""},"RuncCommit":{"ID":""},"InitCommit":{"ID":""},"SecurityOptions":null,"CDISpecDirs":null,"Warnings":null})As no valid configuration was found, execution cannot continue.
See https://java.testcontainers.org/on_failure.html for more details.
]]></system-out>
  </testcase>
  <testcase name="register_duplicateSubdomain_returns409Envelope" classname="com.talentpipe.integration.AuthFlowIntegrationTest" time="0.0">
    <skipped message="disabledWithoutDocker is true and Docker is not available"/>
  </testcase>
  <testcase name="me_withoutToken_returns401" classname="com.talentpipe.integration.AuthFlowIntegrationTest" time="0.0">
    <skipped message="disabledWithoutDocker is true and Docker is not available"/>
  </testcase>
  <testcase name="registerLoginMe_happyPath" classname="com.talentpipe.integration.AuthFlowIntegrationTest" time="0.0">
    <skipped message="disabledWithoutDocker is true and Docker is not available"/>
  </testcase>
  <testcase name="publicJobs_requiresNoAuth_andReturnsEmptyPage" classname="com.talentpipe.integration.AuthFlowIntegrationTest" time="0.0">
    <skipped message="disabledWithoutDocker is true and Docker is not available"/>
  </testcase>
  <testcase name="refreshRotation_oldTokenDies_newTokenWorks" classname="com.talentpipe.integration.AuthFlowIntegrationTest" time="0.0">
    <skipped message="disabledWithoutDocker is true and Docker is not available"/>
  </testcase>
</testsuite>