<?xml version="1.0" encoding="UTF-8"?>
<testsuite xmlns:xsi="http://www.w3.org/2001/XMLSchema-instance" xsi:noNamespaceSchemaLocation="https://maven.apache.org/surefire/maven-surefire-plugin/xsd/surefire-test-report.xsd" version="3.0.2" name="com.talentpipe.integration.TenantContextLeakIntegrationTest" time="0.001" tests="1" errors="0" skipped="1" failures="0">
  <properties/>
  <testcase name="tenantContext_isEmptyAtStartAndEndOfEveryRequest_yetSetDuringIt" classname="com.talentpipe.integration.TenantContextLeakIntegrationTest" time="0.0">
    <skipped message="disabledWithoutDocker is true and Docker is not available"/>
    <system-out><![CDATA[21:28:50.572 [main] INFO org.testcontainers.DockerClientFactory -- Testcontainers version: 1.20.6
]]></system-out>
  </testcase>
</testsuite>